Using pre-set license
Built from '6000.0/staging' branch; Version is '6000.0.42f1 (feb9a7235030) revision 16693671'; Using compiler version '193933523'; Build Type 'Release'
OS: 'Windows 11  (10.0.26100) 64bit Professional' Language: 'es' Physical Memory: 65433 MB
BatchMode: 1, IsHumanControllingUs: 0, StartBugReporterOnCrash: 0, Is64bit: 1, IsPro: 1

COMMAND LINE ARGUMENTS:
E:\Unity\Hub\Editor\6000.0.42f1\Editor\Unity.exe
-adb2
-batchMode
-noUpm
-name
AssetImportWorker2
-projectPath
E:/DragDropList
-logFile
Logs/AssetImportWorker2.log
-srvPort
63207
-job-worker-count
5
-background-job-worker-count
8
-gc-helper-count
1
Successfully changed project path to: E:/DragDropList
E:/DragDropList
[UnityMemory] Configuration Parameters - Can be set up in boot.config
    "memorysetup-bucket-allocator-granularity=16"
    "memorysetup-bucket-allocator-bucket-count=8"
    "memorysetup-bucket-allocator-block-size=33554432"
    "memorysetup-bucket-allocator-block-count=8"
    "memorysetup-main-allocator-block-size=16777216"
    "memorysetup-thread-allocator-block-size=16777216"
    "memorysetup-gfx-main-allocator-block-size=16777216"
    "memorysetup-gfx-thread-allocator-block-size=16777216"
    "memorysetup-cache-allocator-block-size=4194304"
    "memorysetup-typetree-allocator-block-size=2097152"
    "memorysetup-profiler-bucket-allocator-granularity=16"
    "memorysetup-profiler-bucket-allocator-bucket-count=8"
    "memorysetup-profiler-bucket-allocator-block-size=33554432"
    "memorysetup-profiler-bucket-allocator-block-count=8"
    "memorysetup-profiler-allocator-block-size=16777216"
    "memorysetup-profiler-editor-allocator-block-size=1048576"
    "memorysetup-temp-allocator-size-main=16777216"
    "memorysetup-job-temp-allocator-block-size=2097152"
    "memorysetup-job-temp-allocator-block-size-background=1048576"
    "memorysetup-job-temp-allocator-reduction-small-platforms=262144"
    "memorysetup-allocator-temp-initial-block-size-main=262144"
    "memorysetup-allocator-temp-initial-block-size-worker=262144"
    "memorysetup-temp-allocator-size-background-worker=32768"
    "memorysetup-temp-allocator-size-job-worker=262144"
    "memorysetup-temp-allocator-size-preload-manager=33554432"
    "memorysetup-temp-allocator-size-nav-mesh-worker=65536"
    "memorysetup-temp-allocator-size-audio-worker=65536"
    "memorysetup-temp-allocator-size-cloud-worker=32768"
    "memorysetup-temp-allocator-size-gi-baking-worker=262144"
    "memorysetup-temp-allocator-size-gi-baking-worker=262144"
    "memorysetup-temp-allocator-size-gi-baking-worker=262144"
    "memorysetup-temp-allocator-size-gi-baking-worker=262144"
    "memorysetup-temp-allocator-size-gi-baking-worker=262144"
    "memorysetup-temp-allocator-size-gfx=262144"
Player connection [14668]  Target information:

Player connection [14668]  * "[IP] 192.168.1.183 [Port] 0 [Flags] 2 [Guid] 2460266647 [EditorId] 2460266647 [Version] 1048832 [Id] WindowsEditor(7,PutoJimmy) [Debug] 1 [PackageName] WindowsEditor [ProjectName] Editor" 

Player connection [14668] Host joined multi-casting on [225.0.0.222:54997]...
Player connection [14668] Host joined alternative multi-casting on [225.0.0.222:34997]...
JobSystem: Creating JobQueue using job-worker-count value 5
Input System module state changed to: Initialized.
[Physics::Module] Initialized fallback backend.
[Physics::Module] Id: 0xdecafbad
Library Redirect Path: Library/
[Physics::Module] Selected backend.
[Physics::Module] Name: PhysX
[Physics::Module] Id: 0xf2b8ea05
[Physics::Module] SDK Version: 4.1.2
[Physics::Module] Integration Version: 1.0.0
[Physics::Module] Threading Mode: Multi-Threaded
Refreshing native plugins compatible for Editor in 6.20 ms, found 2 plugins.
Preloading 0 native plugins for Editor in 0.00 ms.
Initialize engine version: 6000.0.42f1 (feb9a7235030)
[Subsystems] Discovering subsystems at path E:/Unity/Hub/Editor/6000.0.42f1/Editor/Data/Resources/UnitySubsystems
[Subsystems] Discovering subsystems at path E:/DragDropList/Assets
GfxDevice: creating device client; kGfxThreadingModeNonThreaded
Direct3D:
    Version:  Direct3D 11.0 [level 11.1]
    Renderer: NVIDIA GeForce RTX 3080 Ti (ID=0x2208)
    Vendor:   NVIDIA
    VRAM:     12086 MB
    Driver:   32.0.15.7283
Initialize mono
Mono path[0] = 'E:/Unity/Hub/Editor/6000.0.42f1/Editor/Data/Managed'
Mono path[1] = 'E:/Unity/Hub/Editor/6000.0.42f1/Editor/Data/MonoBleedingEdge/lib/mono/unityjit-win32'
Mono config path = 'E:/Unity/Hub/Editor/6000.0.42f1/Editor/Data/MonoBleedingEdge/etc'
Using monoOptions --debugger-agent=transport=dt_socket,embedding=1,server=y,suspend=n,address=127.0.0.1:56804
Begin MonoManager ReloadAssembly
Registering precompiled unity dll's ...
Register platform support module: E:/Unity/Hub/Editor/6000.0.42f1/Editor/Data/PlaybackEngines/WebGLSupport/UnityEditor.WebGL.Extensions.dll
Register platform support module: E:/Unity/Hub/Editor/6000.0.42f1/Editor/Data/PlaybackEngines/WindowsStandaloneSupport/UnityEditor.WindowsStandalone.Extensions.dll
Register platform support module: E:/Unity/Hub/Editor/6000.0.42f1/Editor/Data/PlaybackEngines/MetroSupport/UnityEditor.UWP.Extensions.dll
Register platform support module: E:/Unity/Hub/Editor/6000.0.42f1/Editor/Data/PlaybackEngines/AndroidPlayer/UnityEditor.Android.Extensions.dll
Registered in 0.002629 seconds.
- Loaded All Assemblies, in  0.392 seconds
Native extension for Android target not found
Android Extension - Scanning For ADB Devices 290 ms
Native extension for UWP target not found
Native extension for WindowsStandalone target not found
Native extension for WebGL target not found
Mono: successfully reloaded assembly
- Finished resetting the current domain, in  0.761 seconds
Domain Reload Profiling: 1153ms
	BeginReloadAssembly (118ms)
		ExecutionOrderSort (0ms)
		DisableScriptedObjects (0ms)
		BackupInstance (0ms)
		ReleaseScriptingObjects (0ms)
		CreateAndSetChildDomain (1ms)
	RebuildCommonClasses (45ms)
	RebuildNativeTypeToScriptingClass (14ms)
	initialDomainReloadingComplete (46ms)
	LoadAllAssembliesAndSetupDomain (169ms)
		LoadAssemblies (118ms)
		RebuildTransferFunctionScriptingTraits (0ms)
		AnalyzeDomain (165ms)
			TypeCache.Refresh (163ms)
				TypeCache.ScanAssembly (152ms)
			BuildScriptInfoCaches (0ms)
			ResolveRequiredComponents (1ms)
	FinalizeReload (762ms)
		ReleaseScriptCaches (0ms)
		RebuildScriptCaches (0ms)
		SetupLoadedEditorAssemblies (721ms)
			LogAssemblyErrors (0ms)
			InitializePlatformSupportModulesInManaged (454ms)
			SetLoadedEditorAssemblies (6ms)
			BeforeProcessingInitializeOnLoad (56ms)
			ProcessInitializeOnLoadAttributes (131ms)
			ProcessInitializeOnLoadMethodAttributes (74ms)
			AfterProcessingInitializeOnLoad (0ms)
			EditorAssembliesLoaded (0ms)
		ExecutionOrderSort2 (0ms)
		AwakeInstancesAfterBackupRestoration (0ms)
========================================================================
Worker process is ready to serve import requests
Import Worker Mode flag is 0x00
Begin MonoManager ReloadAssembly
Symbol file LoadedFromMemory is not a mono symbol file
- Loaded All Assemblies, in  0.774 seconds
Refreshing native plugins compatible for Editor in 3.21 ms, found 2 plugins.
Native extension for Android target not found
Native extension for UWP target not found
Native extension for WindowsStandalone target not found
Native extension for WebGL target not found
Mono: successfully reloaded assembly
- Finished resetting the current domain, in  1.090 seconds
Domain Reload Profiling: 1864ms
	BeginReloadAssembly (203ms)
		ExecutionOrderSort (0ms)
		DisableScriptedObjects (6ms)
		BackupInstance (0ms)
		ReleaseScriptingObjects (0ms)
		CreateAndSetChildDomain (34ms)
	RebuildCommonClasses (54ms)
	RebuildNativeTypeToScriptingClass (18ms)
	initialDomainReloadingComplete (43ms)
	LoadAllAssembliesAndSetupDomain (455ms)
		LoadAssemblies (425ms)
		RebuildTransferFunctionScriptingTraits (0ms)
		AnalyzeDomain (166ms)
			TypeCache.Refresh (127ms)
				TypeCache.ScanAssembly (107ms)
			BuildScriptInfoCaches (33ms)
			ResolveRequiredComponents (3ms)
	FinalizeReload (1091ms)
		ReleaseScriptCaches (0ms)
		RebuildScriptCaches (0ms)
		SetupLoadedEditorAssemblies (925ms)
			LogAssemblyErrors (0ms)
			InitializePlatformSupportModulesInManaged (30ms)
			SetLoadedEditorAssemblies (10ms)
			BeforeProcessingInitializeOnLoad (170ms)
			ProcessInitializeOnLoadAttributes (529ms)
			ProcessInitializeOnLoadMethodAttributes (184ms)
			AfterProcessingInitializeOnLoad (3ms)
			EditorAssembliesLoaded (0ms)
		ExecutionOrderSort2 (0ms)
		AwakeInstancesAfterBackupRestoration (6ms)
Launched and connected shader compiler UnityShaderCompiler.exe after 0.01 seconds
Refreshing native plugins compatible for Editor in 4.28 ms, found 2 plugins.
Preloading 0 native plugins for Editor in 0.00 ms.
Unloading 8 Unused Serialized files (Serialized files now loaded: 0)
Unloading 2753 unused Assets / (0.8 MB). Loaded Objects now: 3235.
Memory consumption went from 82.1 MB to 81.3 MB.
Total: 10.679300 ms (FindLiveObjects: 0.302800 ms CreateObjectMapping: 0.284000 ms MarkObjects: 9.515600 ms  DeleteObjects: 0.575900 ms)

========================================================================
Received Import Request.
  Time since last request: 695509.471849 seconds.
  path: Assets/CustomListBoxTest.cs
  artifactKey: Guid(7a2979d8a3e97764ca18bbc92de39bf2) Importer(2089858483,192608db42251d675da83286b1cce702)
Start importing Assets/CustomListBoxTest.cs using Guid(7a2979d8a3e97764ca18bbc92de39bf2) Importer(2089858483,192608db42251d675da83286b1cce702) (ScriptedImporter) -> (artifact id: '91d17d97bc6fe691ab207c9e63110b85') in 0.0811562 seconds
Number of updated asset objects reloaded before import = 0Number of asset objects unloaded after import = 0

========================================================================
Received Import Request.
  Time since last request: 0.000020 seconds.
  path: Assets/CustomListBox/source/GeomUtils.cs
  artifactKey: Guid(ac5e529ab53949048b72b9b475fb93bb) Importer(2089858483,192608db42251d675da83286b1cce702)
Start importing Assets/CustomListBox/source/GeomUtils.cs using Guid(ac5e529ab53949048b72b9b475fb93bb) Importer(2089858483,192608db42251d675da83286b1cce702) (ScriptedImporter) -> (artifact id: '038385a4f00fe6ff3390a97548355a0f') in 0.0124409 seconds
Number of updated asset objects reloaded before import = 0Number of asset objects unloaded after import = 0

========================================================================
Received Import Request.
  Time since last request: 0.000264 seconds.
  path: Assets/Resources/Prefabs/CustomListBox/Item.prefab
  artifactKey: Guid(6057e51e070fb7a4fa18cc08d7958e7d) Importer(2089858483,192608db42251d675da83286b1cce702)
Start importing Assets/Resources/Prefabs/CustomListBox/Item.prefab using Guid(6057e51e070fb7a4fa18cc08d7958e7d) Importer(2089858483,192608db42251d675da83286b1cce702) (ScriptedImporter) -> (artifact id: '3bcab6c4b87ead08a6a5ef047482f6c1') in 0.0639128 seconds
Number of updated asset objects reloaded before import = 0Number of asset objects unloaded after import = 12

========================================================================
Received Prepare
Begin MonoManager ReloadAssembly
Symbol file LoadedFromMemory is not a mono symbol file
- Loaded All Assemblies, in  0.466 seconds
Refreshing native plugins compatible for Editor in 2.45 ms, found 2 plugins.
Native extension for Android target not found
Native extension for UWP target not found
Native extension for WindowsStandalone target not found
Native extension for WebGL target not found
Mono: successfully reloaded assembly
- Finished resetting the current domain, in  0.820 seconds
Domain Reload Profiling: 1286ms
	BeginReloadAssembly (167ms)
		ExecutionOrderSort (0ms)
		DisableScriptedObjects (6ms)
		BackupInstance (0ms)
		ReleaseScriptingObjects (0ms)
		CreateAndSetChildDomain (44ms)
	RebuildCommonClasses (29ms)
	RebuildNativeTypeToScriptingClass (15ms)
	initialDomainReloadingComplete (22ms)
	LoadAllAssembliesAndSetupDomain (232ms)
		LoadAssemblies (246ms)
		RebuildTransferFunctionScriptingTraits (0ms)
		AnalyzeDomain (72ms)
			TypeCache.Refresh (4ms)
				TypeCache.ScanAssembly (0ms)
			BuildScriptInfoCaches (64ms)
			ResolveRequiredComponents (2ms)
	FinalizeReload (821ms)
		ReleaseScriptCaches (0ms)
		RebuildScriptCaches (0ms)
		SetupLoadedEditorAssemblies (703ms)
			LogAssemblyErrors (0ms)
			InitializePlatformSupportModulesInManaged (19ms)
			SetLoadedEditorAssemblies (7ms)
			BeforeProcessingInitializeOnLoad (99ms)
			ProcessInitializeOnLoadAttributes (399ms)
			ProcessInitializeOnLoadMethodAttributes (176ms)
			AfterProcessingInitializeOnLoad (2ms)
			EditorAssembliesLoaded (1ms)
		ExecutionOrderSort2 (0ms)
		AwakeInstancesAfterBackupRestoration (7ms)
Refreshing native plugins compatible for Editor in 4.12 ms, found 2 plugins.
Preloading 0 native plugins for Editor in 0.00 ms.
Unloading 0 Unused Serialized files (Serialized files now loaded: 0)
Unloading 2751 unused Assets / (0.7 MB). Loaded Objects now: 3239.
Memory consumption went from 80.1 MB to 79.5 MB.
Total: 13.689600 ms (FindLiveObjects: 0.347500 ms CreateObjectMapping: 0.358900 ms MarkObjects: 11.863600 ms  DeleteObjects: 1.117900 ms)

Prepare: number of updated asset objects reloaded= 0
========================================================================
Received Prepare
Begin MonoManager ReloadAssembly
Symbol file LoadedFromMemory is not a mono symbol file
- Loaded All Assemblies, in  0.464 seconds
Refreshing native plugins compatible for Editor in 2.33 ms, found 2 plugins.
Native extension for Android target not found
Native extension for UWP target not found
Native extension for WindowsStandalone target not found
Native extension for WebGL target not found
Mono: successfully reloaded assembly
- Finished resetting the current domain, in  0.784 seconds
Domain Reload Profiling: 1249ms
	BeginReloadAssembly (150ms)
		ExecutionOrderSort (0ms)
		DisableScriptedObjects (5ms)
		BackupInstance (0ms)
		ReleaseScriptingObjects (0ms)
		CreateAndSetChildDomain (37ms)
	RebuildCommonClasses (30ms)
	RebuildNativeTypeToScriptingClass (11ms)
	initialDomainReloadingComplete (21ms)
	LoadAllAssembliesAndSetupDomain (253ms)
		LoadAssemblies (249ms)
		RebuildTransferFunctionScriptingTraits (0ms)
		AnalyzeDomain (85ms)
			TypeCache.Refresh (4ms)
				TypeCache.ScanAssembly (0ms)
			BuildScriptInfoCaches (76ms)
			ResolveRequiredComponents (2ms)
	FinalizeReload (784ms)
		ReleaseScriptCaches (0ms)
		RebuildScriptCaches (0ms)
		SetupLoadedEditorAssemblies (679ms)
			LogAssemblyErrors (0ms)
			InitializePlatformSupportModulesInManaged (19ms)
			SetLoadedEditorAssemblies (6ms)
			BeforeProcessingInitializeOnLoad (95ms)
			ProcessInitializeOnLoadAttributes (393ms)
			ProcessInitializeOnLoadMethodAttributes (163ms)
			AfterProcessingInitializeOnLoad (2ms)
			EditorAssembliesLoaded (0ms)
		ExecutionOrderSort2 (0ms)
		AwakeInstancesAfterBackupRestoration (6ms)
Refreshing native plugins compatible for Editor in 4.49 ms, found 2 plugins.
Preloading 0 native plugins for Editor in 0.00 ms.
Unloading 0 Unused Serialized files (Serialized files now loaded: 0)
Unloading 2751 unused Assets / (66.0 KB). Loaded Objects now: 3239.
Memory consumption went from 80.2 MB to 80.1 MB.
Total: 13.281000 ms (FindLiveObjects: 0.319600 ms CreateObjectMapping: 0.358400 ms MarkObjects: 11.858500 ms  DeleteObjects: 0.743200 ms)

Prepare: number of updated asset objects reloaded= 0
========================================================================
Received Import Request.
  Time since last request: 174.999670 seconds.
  path: Assets/Drag and Drop.prefab
  artifactKey: Guid(fa404689caa3ac14c8c8eac8471b012a) Importer(815301076,1909f56bfc062723c751e8b465ee728b)
Start importing Assets/Drag and Drop.prefab using Guid(fa404689caa3ac14c8c8eac8471b012a) Importer(815301076,1909f56bfc062723c751e8b465ee728b) (PreviewImporter) -> (artifact id: '7473a252df78f3d448cc83da8edb9a4d') in 0.0336439 seconds
Number of updated asset objects reloaded before import = 0Number of asset objects unloaded after import = 37

========================================================================
Received Import Request.
  Time since last request: 17.233304 seconds.
  path: Assets/CustomListBoxTest.cs
  artifactKey: Guid(7a2979d8a3e97764ca18bbc92de39bf2) Importer(815301076,1909f56bfc062723c751e8b465ee728b)
Start importing Assets/CustomListBoxTest.cs using Guid(7a2979d8a3e97764ca18bbc92de39bf2) Importer(815301076,1909f56bfc062723c751e8b465ee728b) (PreviewImporter) -> (artifact id: '8fc436016f25de1c5bdd5e93e7f2e7e0') in 0.0003761 seconds
Number of updated asset objects reloaded before import = 0Number of asset objects unloaded after import = 0

========================================================================
Received Import Request.
  Time since last request: 2.257532 seconds.
  path: Assets
  artifactKey: Guid(00000000000000001000000000000000) Importer(815301076,1909f56bfc062723c751e8b465ee728b)
Start importing Assets using Guid(00000000000000001000000000000000) Importer(815301076,1909f56bfc062723c751e8b465ee728b) (PreviewImporter) -> (artifact id: 'c391582d739b6e62a5220f35cbb167ac') in 0.0003435 seconds
Number of updated asset objects reloaded before import = 0Number of asset objects unloaded after import = 0

========================================================================
Received Import Request.
  Time since last request: 5.859144 seconds.
  path: Assets/Drag and Drop
  artifactKey: Guid(c71b82668cbf89545bf8ff63bb8a3483) Importer(815301076,1909f56bfc062723c751e8b465ee728b)
Start importing Assets/Drag and Drop using Guid(c71b82668cbf89545bf8ff63bb8a3483) Importer(815301076,1909f56bfc062723c751e8b465ee728b) (PreviewImporter) -> (artifact id: '3ce7df04cf38ca16523ff99affbf78bf') in 0.0003436 seconds
Number of updated asset objects reloaded before import = 0Number of asset objects unloaded after import = 0

========================================================================
Received Import Request.
  Time since last request: 1.430067 seconds.
  path: Assets/Resources
  artifactKey: Guid(a6176529bc5190a4b8bc43a072e3551a) Importer(815301076,1909f56bfc062723c751e8b465ee728b)
Start importing Assets/Resources using Guid(a6176529bc5190a4b8bc43a072e3551a) Importer(815301076,1909f56bfc062723c751e8b465ee728b) (PreviewImporter) -> (artifact id: '9393e0b62ff3728d86c1a737006d3d2f') in 0.000361 seconds
Number of updated asset objects reloaded before import = 0Number of asset objects unloaded after import = 0

========================================================================
Received Prepare
Refreshing native plugins compatible for Editor in 3.66 ms, found 2 plugins.
Preloading 0 native plugins for Editor in 0.00 ms.
Unloading 0 Unused Serialized files (Serialized files now loaded: 0)
Unloading 2719 unused Assets / (405.8 KB). Loaded Objects now: 3240.
Memory consumption went from 80.4 MB to 80.0 MB.
Total: 9.471700 ms (FindLiveObjects: 0.342700 ms CreateObjectMapping: 0.381700 ms MarkObjects: 8.247800 ms  DeleteObjects: 0.498500 ms)

Prepare: number of updated asset objects reloaded= 0
========================================================================
Received Prepare
Refreshing native plugins compatible for Editor in 4.01 ms, found 2 plugins.
Preloading 0 native plugins for Editor in 0.00 ms.
Unloading 0 Unused Serialized files (Serialized files now loaded: 0)
Unloading 2718 unused Assets / (64.9 KB). Loaded Objects now: 3240.
Memory consumption went from 80.4 MB to 80.3 MB.
Total: 15.363900 ms (FindLiveObjects: 0.306400 ms CreateObjectMapping: 0.373200 ms MarkObjects: 13.847700 ms  DeleteObjects: 0.835400 ms)

Prepare: number of updated asset objects reloaded= 0
========================================================================
Received Prepare
Begin MonoManager ReloadAssembly
Symbol file LoadedFromMemory is not a mono symbol file
- Loaded All Assemblies, in  0.563 seconds
Refreshing native plugins compatible for Editor in 2.99 ms, found 2 plugins.
Native extension for Android target not found
Native extension for UWP target not found
Native extension for WindowsStandalone target not found
Native extension for WebGL target not found
Mono: successfully reloaded assembly
- Finished resetting the current domain, in  0.843 seconds
Domain Reload Profiling: 1406ms
	BeginReloadAssembly (174ms)
		ExecutionOrderSort (0ms)
		DisableScriptedObjects (8ms)
		BackupInstance (0ms)
		ReleaseScriptingObjects (0ms)
		CreateAndSetChildDomain (44ms)
	RebuildCommonClasses (42ms)
	RebuildNativeTypeToScriptingClass (14ms)
	initialDomainReloadingComplete (30ms)
	LoadAllAssembliesAndSetupDomain (303ms)
		LoadAssemblies (283ms)
		RebuildTransferFunctionScriptingTraits (0ms)
		AnalyzeDomain (108ms)
			TypeCache.Refresh (48ms)
				TypeCache.ScanAssembly (41ms)
			BuildScriptInfoCaches (56ms)
			ResolveRequiredComponents (2ms)
	FinalizeReload (843ms)
		ReleaseScriptCaches (0ms)
		RebuildScriptCaches (0ms)
		SetupLoadedEditorAssemblies (716ms)
			LogAssemblyErrors (0ms)
			InitializePlatformSupportModulesInManaged (22ms)
			SetLoadedEditorAssemblies (5ms)
			BeforeProcessingInitializeOnLoad (110ms)
			ProcessInitializeOnLoadAttributes (413ms)
			ProcessInitializeOnLoadMethodAttributes (163ms)
			AfterProcessingInitializeOnLoad (2ms)
			EditorAssembliesLoaded (0ms)
		ExecutionOrderSort2 (0ms)
		AwakeInstancesAfterBackupRestoration (6ms)
Refreshing native plugins compatible for Editor in 4.66 ms, found 2 plugins.
Preloading 0 native plugins for Editor in 0.00 ms.
Unloading 0 Unused Serialized files (Serialized files now loaded: 0)
Unloading 2751 unused Assets / (0.5 MB). Loaded Objects now: 3240.
Memory consumption went from 80.2 MB to 79.7 MB.
Total: 13.665200 ms (FindLiveObjects: 0.310000 ms CreateObjectMapping: 0.600100 ms MarkObjects: 11.858900 ms  DeleteObjects: 0.894800 ms)

Prepare: number of updated asset objects reloaded= 0
========================================================================
Received Import Request.
  Time since last request: 24.075927 seconds.
  path: Assets/Resources/BillingMode.json
  artifactKey: Guid(47a97f71411bf5f40af3f051a6e888e2) Importer(815301076,1909f56bfc062723c751e8b465ee728b)
Start importing Assets/Resources/BillingMode.json using Guid(47a97f71411bf5f40af3f051a6e888e2) Importer(815301076,1909f56bfc062723c751e8b465ee728b) (PreviewImporter) -> (artifact id: '59c68ed7c791811abe7ee1906f9b88b7') in 0.0121807 seconds
Number of updated asset objects reloaded before import = 0Number of asset objects unloaded after import = 1

========================================================================
Received Import Request.
  Time since last request: 21.032910 seconds.
  path: Assets/Drag and Drop/Test/LightingData.asset
  artifactKey: Guid(a22b2c52c424c2147ae30bb8fdd6053b) Importer(815301076,1909f56bfc062723c751e8b465ee728b)
Start importing Assets/Drag and Drop/Test/LightingData.asset using Guid(a22b2c52c424c2147ae30bb8fdd6053b) Importer(815301076,1909f56bfc062723c751e8b465ee728b) (PreviewImporter) -> (artifact id: '26d6589c9b0ea5294944ca306567c38c') in 0.0010978 seconds
Number of updated asset objects reloaded before import = 0Number of asset objects unloaded after import = 2

========================================================================
Received Import Request.
  Time since last request: 0.001886 seconds.
  path: Assets/Drag and Drop/Test/ReflectionProbe-0.exr
  artifactKey: Guid(bd674698aa6d1f74eb0dad29a0e8415b) Importer(815301076,1909f56bfc062723c751e8b465ee728b)
Start importing Assets/Drag and Drop/Test/ReflectionProbe-0.exr using Guid(bd674698aa6d1f74eb0dad29a0e8415b) Importer(815301076,1909f56bfc062723c751e8b465ee728b) (PreviewImporter) -> (artifact id: '09e9c54e65a95e78a6daf94ad5c0bb0c') in 0.0618593 seconds
Number of updated asset objects reloaded before import = 0Number of asset objects unloaded after import = 1

========================================================================
Received Import Request.
  Time since last request: 0.000342 seconds.
  path: Assets/Drag and Drop/CustomListBox/source/CustomScrollRectEditor.cs
  artifactKey: Guid(cd360d80df6556f48970c0c3016241f5) Importer(815301076,1909f56bfc062723c751e8b465ee728b)
Start importing Assets/Drag and Drop/CustomListBox/source/CustomScrollRectEditor.cs using Guid(cd360d80df6556f48970c0c3016241f5) Importer(815301076,1909f56bfc062723c751e8b465ee728b) (PreviewImporter) -> (artifact id: 'c1f3a93d4ff6bbc69ad80f92fc46708e') in 0.0004525 seconds
Number of updated asset objects reloaded before import = 0Number of asset objects unloaded after import = 0

========================================================================
Received Import Request.
  Time since last request: 0.001264 seconds.
  path: Assets/Drag and Drop/CustomListBox/source/CustomData.cs
  artifactKey: Guid(245ecded55dd4be458eabe2289006c93) Importer(815301076,1909f56bfc062723c751e8b465ee728b)
Start importing Assets/Drag and Drop/CustomListBox/source/CustomData.cs using Guid(245ecded55dd4be458eabe2289006c93) Importer(815301076,1909f56bfc062723c751e8b465ee728b) (PreviewImporter) -> (artifact id: '3c4b5a82f02dfec8d190869ab8c048a6') in 0.0005355 seconds
Number of updated asset objects reloaded before import = 0Number of asset objects unloaded after import = 0

========================================================================
Received Import Request.
  Time since last request: 0.001154 seconds.
  path: Assets/Drag and Drop/Resources/Prefabs
  artifactKey: Guid(5f13adbec4fcbc040badab1790506eb9) Importer(815301076,1909f56bfc062723c751e8b465ee728b)
Start importing Assets/Drag and Drop/Resources/Prefabs using Guid(5f13adbec4fcbc040badab1790506eb9) Importer(815301076,1909f56bfc062723c751e8b465ee728b) (PreviewImporter) -> (artifact id: '2c0e8a7cee6b68595f74b10dfde41dd9') in 0.000504 seconds
Number of updated asset objects reloaded before import = 0Number of asset objects unloaded after import = 0

========================================================================
Received Import Request.
  Time since last request: 0.001363 seconds.
  path: Assets/Drag and Drop/CustomListBox/images/PanelBG.png
  artifactKey: Guid(c2bcb44de1bb39845ac4432ed8ee0624) Importer(815301076,1909f56bfc062723c751e8b465ee728b)
Start importing Assets/Drag and Drop/CustomListBox/images/PanelBG.png using Guid(c2bcb44de1bb39845ac4432ed8ee0624) Importer(815301076,1909f56bfc062723c751e8b465ee728b) (PreviewImporter) -> (artifact id: '88f6292053f3cb87712d3552efc62316') in 0.0209938 seconds
Number of updated asset objects reloaded before import = 0Number of asset objects unloaded after import = 3

========================================================================
Received Import Request.
  Time since last request: 0.002455 seconds.
  path: Assets/Drag and Drop/CustomListBox/images
  artifactKey: Guid(2c759c5e362696f46ad87b4e1a6d2a92) Importer(815301076,1909f56bfc062723c751e8b465ee728b)
Start importing Assets/Drag and Drop/CustomListBox/images using Guid(2c759c5e362696f46ad87b4e1a6d2a92) Importer(815301076,1909f56bfc062723c751e8b465ee728b) (PreviewImporter) -> (artifact id: 'ad7934a71503ac32947b5ac14b830142') in 0.0004352 seconds
Number of updated asset objects reloaded before import = 0Number of asset objects unloaded after import = 0

========================================================================
Received Import Request.
  Time since last request: 0.001440 seconds.
  path: Assets/Drag and Drop/Resources/Prefabs/CustomListBox/CustomListBox.prefab
  artifactKey: Guid(c4ef62c79657d4c4aae7d3244ea8985a) Importer(815301076,1909f56bfc062723c751e8b465ee728b)
Start importing Assets/Drag and Drop/Resources/Prefabs/CustomListBox/CustomListBox.prefab using Guid(c4ef62c79657d4c4aae7d3244ea8985a) Importer(815301076,1909f56bfc062723c751e8b465ee728b) (PreviewImporter) -> (artifact id: 'ba2393b1e5b3ba82519b7efd1c408e0f') in 0.0144414 seconds
Number of updated asset objects reloaded before import = 0Number of asset objects unloaded after import = 49

========================================================================
Received Import Request.
  Time since last request: 0.001617 seconds.
  path: Assets/Drag and Drop/CustomListBox
  artifactKey: Guid(1fbf38031c3408e4ebb0adb51934852d) Importer(815301076,1909f56bfc062723c751e8b465ee728b)
Start importing Assets/Drag and Drop/CustomListBox using Guid(1fbf38031c3408e4ebb0adb51934852d) Importer(815301076,1909f56bfc062723c751e8b465ee728b) (PreviewImporter) -> (artifact id: 'ef9f32b42b2b6a0b2ae45696743f0687') in 0.0003844 seconds
Number of updated asset objects reloaded before import = 0Number of asset objects unloaded after import = 0

========================================================================
Received Import Request.
  Time since last request: 0.002161 seconds.
  path: Assets/Drag and Drop/Resources/BillingMode.json
  artifactKey: Guid(da886f8ac4495314e91573d1bffda6a4) Importer(815301076,1909f56bfc062723c751e8b465ee728b)
Start importing Assets/Drag and Drop/Resources/BillingMode.json using Guid(da886f8ac4495314e91573d1bffda6a4) Importer(815301076,1909f56bfc062723c751e8b465ee728b) (PreviewImporter) -> (artifact id: '832e64fd292ed42dff1216c0aae9c510') in 0.0008252 seconds
Number of updated asset objects reloaded before import = 0Number of asset objects unloaded after import = 1

========================================================================
Received Import Request.
  Time since last request: 0.001656 seconds.
  path: Assets/Drag and Drop/CustomListBox/source/CustomScrollRect.cs
  artifactKey: Guid(3cc81a6d81f426945b12f992295f86f3) Importer(815301076,1909f56bfc062723c751e8b465ee728b)
Start importing Assets/Drag and Drop/CustomListBox/source/CustomScrollRect.cs using Guid(3cc81a6d81f426945b12f992295f86f3) Importer(815301076,1909f56bfc062723c751e8b465ee728b) (PreviewImporter) -> (artifact id: 'c7b23192ec4db7ba7ddf53f97b4169af') in 0.0004645 seconds
Number of updated asset objects reloaded before import = 0Number of asset objects unloaded after import = 0

========================================================================
Received Import Request.
  Time since last request: 0.002314 seconds.
  path: Assets/Drag and Drop/Resources/Prefabs/CustomListBox
  artifactKey: Guid(98f5318de6852654da10240706ac05c1) Importer(815301076,1909f56bfc062723c751e8b465ee728b)
Start importing Assets/Drag and Drop/Resources/Prefabs/CustomListBox using Guid(98f5318de6852654da10240706ac05c1) Importer(815301076,1909f56bfc062723c751e8b465ee728b) (PreviewImporter) -> (artifact id: 'b1338128f19964075e59778052ce9c7f') in 0.0005059 seconds
Number of updated asset objects reloaded before import = 0Number of asset objects unloaded after import = 0

========================================================================
Received Import Request.
  Time since last request: 0.001666 seconds.
  path: Assets/Drag and Drop/CustomListBox/source/CustomListBoxView.cs
  artifactKey: Guid(773e9a2c0a3dc3d45ac93be9d1aa325b) Importer(815301076,1909f56bfc062723c751e8b465ee728b)
Start importing Assets/Drag and Drop/CustomListBox/source/CustomListBoxView.cs using Guid(773e9a2c0a3dc3d45ac93be9d1aa325b) Importer(815301076,1909f56bfc062723c751e8b465ee728b) (PreviewImporter) -> (artifact id: '9b3fb2a05d600fca14d4dd8e97cfce26') in 0.0004266 seconds
Number of updated asset objects reloaded before import = 0Number of asset objects unloaded after import = 0

========================================================================
Received Import Request.
  Time since last request: 0.001396 seconds.
  path: Assets/Drag and Drop/Test.unity
  artifactKey: Guid(3fc3c1c1b65841a4ea122b524326d44d) Importer(815301076,1909f56bfc062723c751e8b465ee728b)
Start importing Assets/Drag and Drop/Test.unity using Guid(3fc3c1c1b65841a4ea122b524326d44d) Importer(815301076,1909f56bfc062723c751e8b465ee728b) (PreviewImporter) -> (artifact id: 'd69aef1f0508306554ca45c6358612d2') in 0.0004698 seconds
Number of updated asset objects reloaded before import = 0Number of asset objects unloaded after import = 0

========================================================================
Received Import Request.
  Time since last request: 0.001102 seconds.
  path: Assets/Drag and Drop/Test
  artifactKey: Guid(4c8b0bba32ec2ba4498aeb35931d4b31) Importer(815301076,1909f56bfc062723c751e8b465ee728b)
Start importing Assets/Drag and Drop/Test using Guid(4c8b0bba32ec2ba4498aeb35931d4b31) Importer(815301076,1909f56bfc062723c751e8b465ee728b) (PreviewImporter) -> (artifact id: '31a4806a61e412aa0bcaf2f48b5b15bc') in 0.0004854 seconds
Number of updated asset objects reloaded before import = 0Number of asset objects unloaded after import = 0

========================================================================
Received Import Request.
  Time since last request: 0.000967 seconds.
  path: Assets/Drag and Drop/CustomListBox/source
  artifactKey: Guid(caa39d4b071a8d34f947692eecaa60be) Importer(815301076,1909f56bfc062723c751e8b465ee728b)
Start importing Assets/Drag and Drop/CustomListBox/source using Guid(caa39d4b071a8d34f947692eecaa60be) Importer(815301076,1909f56bfc062723c751e8b465ee728b) (PreviewImporter) -> (artifact id: '7e08f737e7d79a89826e09cbaafff673') in 0.0003969 seconds
Number of updated asset objects reloaded before import = 0Number of asset objects unloaded after import = 0

========================================================================
Received Import Request.
  Time since last request: 0.001404 seconds.
  path: Assets/Drag and Drop/CustomListBox/source/GeomUtils.cs
  artifactKey: Guid(ac5e529ab53949048b72b9b475fb93bb) Importer(815301076,1909f56bfc062723c751e8b465ee728b)
Start importing Assets/Drag and Drop/CustomListBox/source/GeomUtils.cs using Guid(ac5e529ab53949048b72b9b475fb93bb) Importer(815301076,1909f56bfc062723c751e8b465ee728b) (PreviewImporter) -> (artifact id: 'e3ce9d5a0ddda61248dc6d447c298690') in 0.0004618 seconds
Number of updated asset objects reloaded before import = 0Number of asset objects unloaded after import = 0

========================================================================
Received Import Request.
  Time since last request: 0.001556 seconds.
  path: Assets/Drag and Drop/Resources/Prefabs/CustomListBox/Item.prefab
  artifactKey: Guid(6057e51e070fb7a4fa18cc08d7958e7d) Importer(815301076,1909f56bfc062723c751e8b465ee728b)
Start importing Assets/Drag and Drop/Resources/Prefabs/CustomListBox/Item.prefab using Guid(6057e51e070fb7a4fa18cc08d7958e7d) Importer(815301076,1909f56bfc062723c751e8b465ee728b) (PreviewImporter) -> (artifact id: '7c5324f3c2f0d5a02f13bd40cfa419e9') in 0.0015386 seconds
Number of updated asset objects reloaded before import = 0Number of asset objects unloaded after import = 12

